<?xml version="1.0" encoding="UTF-8"?>
<testsuite xmlns:xsi="http://www.w3.org/2001/XMLSchema-instance" xsi:noNamespaceSchemaLocation="https://maven.apache.org/surefire/maven-surefire-plugin/xsd/surefire-test-report-3.0.xsd" version="3.0" name="petclinic.GappLoadingTest" time="0.0" tests="1" errors="0" skipped="0" failures="0">
  <properties>
    <property name="java.specification.version" value="17"/>
    <property name="sun.jnu.encoding" value="UTF-8"/>
    <property name="java.class.path" value="/root/1/thymeleafexamples-petclinic/petclinic/target/test-classes:/root/1/thymeleafexamples-petclinic/petclinic/target/classes:/root/.m2/repository/uk/ac/gate/gate-core/9.0.1/gate-core-9.0.1.jar:/root/.m2/repository/uk/ac/gate/gate-asm/9.0/gate-asm-9.0.jar:/root/.m2/repository/org/apache/maven/resolver/maven-resolver-impl/1.6.1/maven-resolver-impl-1.6.1.jar:/root/.m2/repository/org/apache/maven/resolver/maven-resolver-api/1.6.1/maven-resolver-api-1.6.1.jar:/root/.m2/repository/org/apache/maven/resolver/maven-resolver-spi/1.6.1/maven-resolver-spi-1.6.1.jar:/root/.m2/repository/org/apache/maven/resolver/maven-resolver-util/1.6.1/maven-resolver-util-1.6.1.jar:/root/.m2/repository/org/apache/maven/maven-model-builder/3.6.3/maven-model-builder-3.6.3.jar:/root/.m2/repository/org/codehaus/plexus/plexus-utils/3.2.1/plexus-utils-3.2.1.jar:/root/.m2/repository/org/codehaus/plexus/plexus-interpolation/1.25/plexus-interpolation-1.25.jar:/root/.m2/repository/javax/inject/javax.inject/1/javax.inject-1.jar:/root/.m2/repository/org/apache/maven/maven-model/3.6.3/maven-model-3.6.3.jar:/root/.m2/repository/org/apache/maven/maven-artifact/3.6.3/maven-artifact-3.6.3.jar:/root/.m2/repository/org/apache/maven/maven-builder-support/3.6.3/maven-builder-support-3.6.3.jar:/root/.m2/repository/org/eclipse/sisu/org.eclipse.sisu.inject/0.3.4/org.eclipse.sisu.inject-0.3.4.jar:/root/.m2/repository/org/apache/maven/maven-resolver-provider/3.6.3/maven-resolver-provider-3.6.3.jar:/root/.m2/repository/org/apache/maven/maven-repository-metadata/3.6.3/maven-repository-metadata-3.6.3.jar:/root/.m2/repository/org/apache/maven/resolver/maven-resolver-connector-basic/1.6.1/maven-resolver-connector-basic-1.6.1.jar:/root/.m2/repository/org/apache/maven/resolver/maven-resolver-transport-http/1.6.1/maven-resolver-transport-http-1.6.1.jar:/root/.m2/repository/org/apache/httpcomponents/httpclient/4.5.12/httpclient-4.5.12.jar:/root/.m2/repository/commons-codec/commons-codec/1.11/commons-codec-1.11.jar:/root/.m2/repository/org/apache/httpcomponents/httpcore/4.4.13/httpcore-4.4.13.jar:/root/.m2/repository/org/apache/maven/resolver/maven-resolver-transport-file/1.6.1/maven-resolver-transport-file-1.6.1.jar:/root/.m2/repository/org/apache/maven/resolver/maven-resolver-transport-wagon/1.6.1/maven-resolver-transport-wagon-1.6.1.jar:/root/.m2/repository/org/apache/maven/wagon/wagon-provider-api/3.4.0/wagon-provider-api-3.4.0.jar:/root/.m2/repository/org/apache/maven/resolver/maven-resolver-transport-classpath/1.6.1/maven-resolver-transport-classpath-1.6.1.jar:/root/.m2/repository/org/apache/maven/maven-settings-builder/3.6.3/maven-settings-builder-3.6.3.jar:/root/.m2/repository/org/apache/maven/maven-settings/3.6.3/maven-settings-3.6.3.jar:/root/.m2/repository/org/sonatype/plexus/plexus-sec-dispatcher/1.4/plexus-sec-dispatcher-1.4.jar:/root/.m2/repository/org/sonatype/plexus/plexus-cipher/1.4/plexus-cipher-1.4.jar:/root/.m2/repository/org/codehaus/plexus/plexus-container-default/2.1.0/plexus-container-default-2.1.0.jar:/root/.m2/repository/org/apache/commons/commons-lang3/3.11/commons-lang3-3.11.jar:/root/.m2/repository/commons-lang/commons-lang/2.6/commons-lang-2.6.jar:/root/.m2/repository/commons-io/commons-io/2.8.0/commons-io-2.8.0.jar:/root/.m2/repository/org/slf4j/slf4j-api/1.7.30/slf4j-api-1.7.30.jar:/root/.m2/repository/org/slf4j/log4j-over-slf4j/1.7.30/log4j-over-slf4j-1.7.30.jar:/root/.m2/repository/org/slf4j/jcl-over-slf4j/1.7.30/jcl-over-slf4j-1.7.30.jar:/root/.m2/repository/org/jdom/jdom/1.1.3/jdom-1.1.3.jar:/root/.m2/repository/net/sourceforge/nekohtml/nekohtml/1.9.17/nekohtml-1.9.17.jar:/root/.m2/repository/xerces/xercesImpl/2.9.1/xercesImpl-2.9.1.jar:/root/.m2/repository/org/apache/tika/tika-parsers/1.25/tika-parsers-1.25.jar:/root/.m2/repository/org/apache/tika/tika-core/1.25/tika-core-1.25.jar:/root/.m2/repository/org/apache/pdfbox/pdfbox/2.0.22/pdfbox-2.0.22.jar:/root/.m2/repository/org/apache/pdfbox/fontbox/2.0.22/fontbox-2.0.22.jar:/root/.m2/repository/org/apache/pdfbox/pdfbox-tools/2.0.22/pdfbox-tools-2.0.22.jar:/root/.m2/repository/org/apache/pdfbox/jempbox/1.8.16/jempbox-1.8.16.jar:/root/.m2/repository/org/bouncycastle/bcmail-jdk15on/1.68/bcmail-jdk15on-1.68.jar:/root/.m2/repository/org/bouncycastle/bcpkix-jdk15on/1.68/bcpkix-jdk15on-1.68.jar:/root/.m2/repository/org/bouncycastle/bcprov-jdk15on/1.68/bcprov-jdk15on-1.68.jar:/root/.m2/repository/org/apache/poi/poi/4.1.2/poi-4.1.2.jar:/root/.m2/repository/org/apache/commons/commons-collections4/4.4/commons-collections4-4.4.jar:/root/.m2/repository/org/apache/commons/commons-math3/3.6.1/commons-math3-3.6.1.jar:/root/.m2/repository/com/zaxxer/SparseBitSet/1.2/SparseBitSet-1.2.jar:/root/.m2/repository/org/apache/poi/poi-scratchpad/4.1.2/poi-scratchpad-4.1.2.jar:/root/.m2/repository/org/apache/poi/poi-ooxml/4.1.2/poi-ooxml-4.1.2.jar:/root/.m2/repository/org/apache/poi/poi-ooxml-schemas/4.1.2/poi-ooxml-schemas-4.1.2.jar:/root/.m2/repository/org/apache/xmlbeans/xmlbeans/3.1.0/xmlbeans-3.1.0.jar:/root/.m2/repository/org/apache/commons/commons-compress/1.19/commons-compress-1.19.jar:/root/.m2/repository/com/github/virtuald/curvesapi/1.06/curvesapi-1.06.jar:/root/.m2/repository/com/drewnoakes/metadata-extractor/2.15.0/metadata-extractor-2.15.0.jar:/root/.m2/repository/com/adobe/xmp/xmpcore/6.0.6/xmpcore-6.0.6.jar:/root/.m2/repository/org/codehaus/woodstox/woodstox-core-lgpl/4.4.1/woodstox-core-lgpl-4.4.1.jar:/root/.m2/repository/org/codehaus/woodstox/stax2-api/3.1.4/stax2-api-3.1.4.jar:/root/.m2/repository/org/apache/ant/ant/1.10.9/ant-1.10.9.jar:/root/.m2/repository/org/apache/ant/ant-launcher/1.10.9/ant-launcher-1.10.9.jar:/root/.m2/repository/com/thoughtworks/xstream/xstream/1.4.15/xstream-1.4.15.jar:/root/.m2/repository/xpp3/xpp3/1.1.4c/xpp3-1.1.4c.jar:/root/.m2/repository/jaxen/jaxen/1.2.0/jaxen-1.2.0.jar:/root/.m2/repository/gnu/getopt/java-getopt/1.0.13/java-getopt-1.0.13.jar:/root/.m2/repository/com/fasterxml/jackson/core/jackson-databind/2.12.1/jackson-databind-2.12.1.jar:/root/.m2/repository/com/fasterxml/jackson/core/jackson-annotations/2.12.1/jackson-annotations-2.12.1.jar:/root/.m2/repository/com/fasterxml/jackson/core/jackson-core/2.12.1/jackson-core-2.12.1.jar:/root/.m2/repository/org/xhtmlrenderer/flying-saucer-core/9.1.20/flying-saucer-core-9.1.20.jar:/root/.m2/repository/joda-time/joda-time/2.10.9/joda-time-2.10.9.jar:/root/.m2/repository/org/codehaus/httpcache4j/httpcache4j-core/5.1.1/httpcache4j-core-5.1.1.jar:/root/.m2/repository/org/codehaus/httpcache4j/httpcache4j-storage-api/5.1.1/httpcache4j-storage-api-5.1.1.jar:/root/.m2/repository/org/codehaus/httpcache4j/httpcache4j-api/5.1.1/httpcache4j-api-5.1.1.jar:/root/.m2/repository/org/codehaus/httpcache4j/uribuilder/uribuilder/2.0.0/uribuilder-2.0.0.jar:/root/.m2/repository/org/codehaus/httpcache4j/storage/storage-file/5.1.1/storage-file-5.1.1.jar:/root/.m2/repository/javax/xml/bind/jaxb-api/2.3.1/jaxb-api-2.3.1.jar:/root/.m2/repository/com/sun/xml/bind/jaxb-core/2.3.0.1/jaxb-core-2.3.0.1.jar:/root/.m2/repository/com/sun/xml/bind/jaxb-impl/2.3.3/jaxb-impl-2.3.3.jar:/root/.m2/repository/jakarta/xml/bind/jakarta.xml.bind-api/2.3.3/jakarta.xml.bind-api-2.3.3.jar:/root/.m2/repository/com/sun/activation/jakarta.activation/1.2.2/jakarta.activation-1.2.2.jar:/root/.m2/repository/javax/activation/javax.activation-api/1.2.0/javax.activation-api-1.2.0.jar:/root/.m2/repository/uk/ac/gate/gate-plugin-test-utils/9.0.1/gate-plugin-test-utils-9.0.1.jar:/root/.m2/repository/junit/junit/4.13.1/junit-4.13.1.jar:/root/.m2/repository/org/hamcrest/hamcrest-core/1.3/hamcrest-core-1.3.jar:"/>
    <property name="java.vm.vendor" value="Amazon.com Inc."/>
    <property name="sun.arch.data.model" value="64"/>
    <property name="sun.font.fontmanager" value="sun.awt.X11FontManager"/>
    <property name="java.vendor.url" value="https://aws.amazon.com/corretto/"/>
    <property name="os.name" value="Linux"/>
    <property name="java.vm.specification.version" value="17"/>
    <property name="sun.java.launcher" value="SUN_STANDARD"/>
    <property name="sun.boot.library.path" value="/usr/lib/jvm/java-17-amazon-corretto.x86_64/lib"/>
    <property name="sun.java.command" value="/root/1/thymeleafexamples-petclinic/petclinic/target/surefire/surefirebooter-20231217040938664_3.jar /root/1/thymeleafexamples-petclinic/petclinic/target/surefire 2023-12-17T04-09-38_436-jvmRun1 surefire-20231217040938664_1tmp surefire_0-20231217040938664_2tmp"/>
    <property name="jdk.debug" value="release"/>
    <property name="surefire.test.class.path" value="/root/1/thymeleafexamples-petclinic/petclinic/target/test-classes:/root/1/thymeleafexamples-petclinic/petclinic/target/classes:/root/.m2/repository/uk/ac/gate/gate-core/9.0.1/gate-core-9.0.1.jar:/root/.m2/repository/uk/ac/gate/gate-asm/9.0/gate-asm-9.0.jar:/root/.m2/repository/org/apache/maven/resolver/maven-resolver-impl/1.6.1/maven-resolver-impl-1.6.1.jar:/root/.m2/repository/org/apache/maven/resolver/maven-resolver-api/1.6.1/maven-resolver-api-1.6.1.jar:/root/.m2/repository/org/apache/maven/resolver/maven-resolver-spi/1.6.1/maven-resolver-spi-1.6.1.jar:/root/.m2/repository/org/apache/maven/resolver/maven-resolver-util/1.6.1/maven-resolver-util-1.6.1.jar:/root/.m2/repository/org/apache/maven/maven-model-builder/3.6.3/maven-model-builder-3.6.3.jar:/root/.m2/repository/org/codehaus/plexus/plexus-utils/3.2.1/plexus-utils-3.2.1.jar:/root/.m2/repository/org/codehaus/plexus/plexus-interpolation/1.25/plexus-interpolation-1.25.jar:/root/.m2/repository/javax/inject/javax.inject/1/javax.inject-1.jar:/root/.m2/repository/org/apache/maven/maven-model/3.6.3/maven-model-3.6.3.jar:/root/.m2/repository/org/apache/maven/maven-artifact/3.6.3/maven-artifact-3.6.3.jar:/root/.m2/repository/org/apache/maven/maven-builder-support/3.6.3/maven-builder-support-3.6.3.jar:/root/.m2/repository/org/eclipse/sisu/org.eclipse.sisu.inject/0.3.4/org.eclipse.sisu.inject-0.3.4.jar:/root/.m2/repository/org/apache/maven/maven-resolver-provider/3.6.3/maven-resolver-provider-3.6.3.jar:/root/.m2/repository/org/apache/maven/maven-repository-metadata/3.6.3/maven-repository-metadata-3.6.3.jar:/root/.m2/repository/org/apache/maven/resolver/maven-resolver-connector-basic/1.6.1/maven-resolver-connector-basic-1.6.1.jar:/root/.m2/repository/org/apache/maven/resolver/maven-resolver-transport-http/1.6.1/maven-resolver-transport-http-1.6.1.jar:/root/.m2/repository/org/apache/httpcomponents/httpclient/4.5.12/httpclient-4.5.12.jar:/root/.m2/repository/commons-codec/commons-codec/1.11/commons-codec-1.11.jar:/root/.m2/repository/org/apache/httpcomponents/httpcore/4.4.13/httpcore-4.4.13.jar:/root/.m2/repository/org/apache/maven/resolver/maven-resolver-transport-file/1.6.1/maven-resolver-transport-file-1.6.1.jar:/root/.m2/repository/org/apache/maven/resolver/maven-resolver-transport-wagon/1.6.1/maven-resolver-transport-wagon-1.6.1.jar:/root/.m2/repository/org/apache/maven/wagon/wagon-provider-api/3.4.0/wagon-provider-api-3.4.0.jar:/root/.m2/repository/org/apache/maven/resolver/maven-resolver-transport-classpath/1.6.1/maven-resolver-transport-classpath-1.6.1.jar:/root/.m2/repository/org/apache/maven/maven-settings-builder/3.6.3/maven-settings-builder-3.6.3.jar:/root/.m2/repository/org/apache/maven/maven-settings/3.6.3/maven-settings-3.6.3.jar:/root/.m2/repository/org/sonatype/plexus/plexus-sec-dispatcher/1.4/plexus-sec-dispatcher-1.4.jar:/root/.m2/repository/org/sonatype/plexus/plexus-cipher/1.4/plexus-cipher-1.4.jar:/root/.m2/repository/org/codehaus/plexus/plexus-container-default/2.1.0/plexus-container-default-2.1.0.jar:/root/.m2/repository/org/apache/commons/commons-lang3/3.11/commons-lang3-3.11.jar:/root/.m2/repository/commons-lang/commons-lang/2.6/commons-lang-2.6.jar:/root/.m2/repository/commons-io/commons-io/2.8.0/commons-io-2.8.0.jar:/root/.m2/repository/org/slf4j/slf4j-api/1.7.30/slf4j-api-1.7.30.jar:/root/.m2/repository/org/slf4j/log4j-over-slf4j/1.7.30/log4j-over-slf4j-1.7.30.jar:/root/.m2/repository/org/slf4j/jcl-over-slf4j/1.7.30/jcl-over-slf4j-1.7.30.jar:/root/.m2/repository/org/jdom/jdom/1.1.3/jdom-1.1.3.jar:/root/.m2/repository/net/sourceforge/nekohtml/nekohtml/1.9.17/nekohtml-1.9.17.jar:/root/.m2/repository/xerces/xercesImpl/2.9.1/xercesImpl-2.9.1.jar:/root/.m2/repository/org/apache/tika/tika-parsers/1.25/tika-parsers-1.25.jar:/root/.m2/repository/org/apache/tika/tika-core/1.25/tika-core-1.25.jar:/root/.m2/repository/org/apache/pdfbox/pdfbox/2.0.22/pdfbox-2.0.22.jar:/root/.m2/repository/org/apache/pdfbox/fontbox/2.0.22/fontbox-2.0.22.jar:/root/.m2/repository/org/apache/pdfbox/pdfbox-tools/2.0.22/pdfbox-tools-2.0.22.jar:/root/.m2/repository/org/apache/pdfbox/jempbox/1.8.16/jempbox-1.8.16.jar:/root/.m2/repository/org/bouncycastle/bcmail-jdk15on/1.68/bcmail-jdk15on-1.68.jar:/root/.m2/repository/org/bouncycastle/bcpkix-jdk15on/1.68/bcpkix-jdk15on-1.68.jar:/root/.m2/repository/org/bouncycastle/bcprov-jdk15on/1.68/bcprov-jdk15on-1.68.jar:/root/.m2/repository/org/apache/poi/poi/4.1.2/poi-4.1.2.jar:/root/.m2/repository/org/apache/commons/commons-collections4/4.4/commons-collections4-4.4.jar:/root/.m2/repository/org/apache/commons/commons-math3/3.6.1/commons-math3-3.6.1.jar:/root/.m2/repository/com/zaxxer/SparseBitSet/1.2/SparseBitSet-1.2.jar:/root/.m2/repository/org/apache/poi/poi-scratchpad/4.1.2/poi-scratchpad-4.1.2.jar:/root/.m2/repository/org/apache/poi/poi-ooxml/4.1.2/poi-ooxml-4.1.2.jar:/root/.m2/repository/org/apache/poi/poi-ooxml-schemas/4.1.2/poi-ooxml-schemas-4.1.2.jar:/root/.m2/repository/org/apache/xmlbeans/xmlbeans/3.1.0/xmlbeans-3.1.0.jar:/root/.m2/repository/org/apache/commons/commons-compress/1.19/commons-compress-1.19.jar:/root/.m2/repository/com/github/virtuald/curvesapi/1.06/curvesapi-1.06.jar:/root/.m2/repository/com/drewnoakes/metadata-extractor/2.15.0/metadata-extractor-2.15.0.jar:/root/.m2/repository/com/adobe/xmp/xmpcore/6.0.6/xmpcore-6.0.6.jar:/root/.m2/repository/org/codehaus/woodstox/woodstox-core-lgpl/4.4.1/woodstox-core-lgpl-4.4.1.jar:/root/.m2/repository/org/codehaus/woodstox/stax2-api/3.1.4/stax2-api-3.1.4.jar:/root/.m2/repository/org/apache/ant/ant/1.10.9/ant-1.10.9.jar:/root/.m2/repository/org/apache/ant/ant-launcher/1.10.9/ant-launcher-1.10.9.jar:/root/.m2/repository/com/thoughtworks/xstream/xstream/1.4.15/xstream-1.4.15.jar:/root/.m2/repository/xpp3/xpp3/1.1.4c/xpp3-1.1.4c.jar:/root/.m2/repository/jaxen/jaxen/1.2.0/jaxen-1.2.0.jar:/root/.m2/repository/gnu/getopt/java-getopt/1.0.13/java-getopt-1.0.13.jar:/root/.m2/repository/com/fasterxml/jackson/core/jackson-databind/2.12.1/jackson-databind-2.12.1.jar:/root/.m2/repository/com/fasterxml/jackson/core/jackson-annotations/2.12.1/jackson-annotations-2.12.1.jar:/root/.m2/repository/com/fasterxml/jackson/core/jackson-core/2.12.1/jackson-core-2.12.1.jar:/root/.m2/repository/org/xhtmlrenderer/flying-saucer-core/9.1.20/flying-saucer-core-9.1.20.jar:/root/.m2/repository/joda-time/joda-time/2.10.9/joda-time-2.10.9.jar:/root/.m2/repository/org/codehaus/httpcache4j/httpcache4j-core/5.1.1/httpcache4j-core-5.1.1.jar:/root/.m2/repository/org/codehaus/httpcache4j/httpcache4j-storage-api/5.1.1/httpcache4j-storage-api-5.1.1.jar:/root/.m2/repository/org/codehaus/httpcache4j/httpcache4j-api/5.1.1/httpcache4j-api-5.1.1.jar:/root/.m2/repository/org/codehaus/httpcache4j/uribuilder/uribuilder/2.0.0/uribuilder-2.0.0.jar:/root/.m2/repository/org/codehaus/httpcache4j/storage/storage-file/5.1.1/storage-file-5.1.1.jar:/root/.m2/repository/javax/xml/bind/jaxb-api/2.3.1/jaxb-api-2.3.1.jar:/root/.m2/repository/com/sun/xml/bind/jaxb-core/2.3.0.1/jaxb-core-2.3.0.1.jar:/root/.m2/repository/com/sun/xml/bind/jaxb-impl/2.3.3/jaxb-impl-2.3.3.jar:/root/.m2/repository/jakarta/xml/bind/jakarta.xml.bind-api/2.3.3/jakarta.xml.bind-api-2.3.3.jar:/root/.m2/repository/com/sun/activation/jakarta.activation/1.2.2/jakarta.activation-1.2.2.jar:/root/.m2/repository/javax/activation/javax.activation-api/1.2.0/javax.activation-api-1.2.0.jar:/root/.m2/repository/uk/ac/gate/gate-plugin-test-utils/9.0.1/gate-plugin-test-utils-9.0.1.jar:/root/.m2/repository/junit/junit/4.13.1/junit-4.13.1.jar:/root/.m2/repository/org/hamcrest/hamcrest-core/1.3/hamcrest-core-1.3.jar:"/>
    <property name="sun.cpu.endian" value="little"/>
    <property name="user.home" value="/root"/>
    <property name="user.language" value="en"/>
    <property name="java.specification.vendor" value="Oracle Corporation"/>
    <property name="java.version.date" value="2023-10-17"/>
    <property name="java.home" value="/usr/lib/jvm/java-17-amazon-corretto.x86_64"/>
    <property name="file.separator" value="/"/>
    <property name="basedir" value="/root/1/thymeleafexamples-petclinic/petclinic"/>
    <property name="java.vm.compressedOopsMode" value="32-bit"/>
    <property name="line.separator" value="&#10;"/>
    <property name="java.vm.specification.vendor" value="Oracle Corporation"/>
    <property name="java.specification.name" value="Java Platform API Specification"/>
    <property name="surefire.real.class.path" value="/root/1/thymeleafexamples-petclinic/petclinic/target/surefire/surefirebooter-20231217040938664_3.jar"/>
    <property name="sun.management.compiler" value="HotSpot 64-Bit Tiered Compilers"/>
    <property name="java.runtime.version" value="17.0.9+8-LTS"/>
    <property name="user.name" value="root"/>
    <property name="path.separator" value=":"/>
    <property name="os.version" value="6.1.61-85.141.amzn2023.x86_64"/>
    <property name="java.runtime.name" value="OpenJDK Runtime Environment"/>
    <property name="file.encoding" value="UTF-8"/>
    <property name="java.vm.name" value="OpenJDK 64-Bit Server VM"/>
    <property name="java.vendor.version" value="Corretto-17.0.9.8.1"/>
    <property name="localRepository" value="/root/.m2/repository"/>
    <property name="java.vendor.url.bug" value="https://github.com/corretto/corretto-17/issues/"/>
    <property name="java.io.tmpdir" value="/tmp"/>
    <property name="java.version" value="17.0.9"/>
    <property name="user.dir" value="/root/1/thymeleafexamples-petclinic/petclinic"/>
    <property name="os.arch" value="amd64"/>
    <property name="java.vm.specification.name" value="Java Virtual Machine Specification"/>
    <property name="native.encoding" value="UTF-8"/>
    <property name="java.library.path" value="/usr/java/packages/lib:/usr/lib64:/lib64:/lib:/usr/lib"/>
    <property name="java.vm.info" value="mixed mode, sharing"/>
    <property name="java.vendor" value="Amazon.com Inc."/>
    <property name="java.vm.version" value="17.0.9+8-LTS"/>
    <property name="sun.io.unicode.encoding" value="UnicodeLittle"/>
    <property name="java.class.version" value="61.0"/>
  </properties>
  <testcase name="testGappLoading" classname="petclinic.GappLoadingTest" time="0.0"/>
</testsuite>